<?xml version="1.0" encoding="UTF-8"?>
<coverage generated="1466015372601" clover="3.2.0">
	<project timestamp="1466015372601"  name="All Files" >
		<metrics statements="117"  coveredstatements="112"  conditionals="186"  coveredconditionals="113"  methods="78"  coveredmethods="73"  elements="381"  coveredelements="298"  complexity="0"  packages="4"  files="8"  classes="8"  loc="274"  ncloc="274" />
		<package name="es6" >
			<metrics statements="5"  coveredstatements="5"  conditionals="0"  coveredconditionals="0"  methods="0"  coveredmethods="0" />
			<file name="constants.js"  path="/Users/suhail/Sites/scenario-test/es6/constants.js" >
				<metrics statements="5"  coveredstatements="5"  conditionals="0"  coveredconditionals="0"  methods="0"  coveredmethods="0" />
				<line num="1"  count="1"  type="stmt" />
				<line num="2"  count="1"  type="stmt" />
				<line num="3"  count="1"  type="stmt" />
				<line num="10"  count="1"  type="stmt" />
				<line num="20"  count="1"  type="stmt" />
			</file>
		</package>
		<package name="es6.controllers.DecisionTree" >
			<metrics statements="55"  coveredstatements="54"  conditionals="26"  coveredconditionals="23"  methods="15"  coveredmethods="15" />
			<file name="Actions.js"  path="/Users/suhail/Sites/scenario-test/es6/controllers/DecisionTree/Actions.js" >
				<metrics statements="8"  coveredstatements="8"  conditionals="0"  coveredconditionals="0"  methods="5"  coveredmethods="5" />
				<line num="1"  count="1"  type="stmt" />
				<line num="8"  count="1"  type="stmt" />
				<line num="22"  count="1"  type="stmt" />
				<line num="37"  count="1"  type="stmt" />
				<line num="43"  count="1"  type="stmt" />
				<line num="49"  count="1"  type="stmt" />
				<line num="55"  count="1"  type="stmt" />
				<line num="61"  count="1"  type="stmt" />
			</file>
			<file name="Reducer.js"  path="/Users/suhail/Sites/scenario-test/es6/controllers/DecisionTree/Reducer.js" >
				<metrics statements="47"  coveredstatements="46"  conditionals="26"  coveredconditionals="23"  methods="10"  coveredmethods="10" />
				<line num="1"  count="1"  type="stmt" />
				<line num="3"  count="1"  type="stmt" />
				<line num="4"  count="14"  type="stmt" />
				<line num="5"  count="14"  type="stmt" />
				<line num="6"  count="14"  type="cond"  truecount="1"  falsecount="1" />
				<line num="7"  count="14"  type="cond"  truecount="8"  falsecount="1" />
				<line num="9"  count="0"  type="stmt" />
				<line num="11"  count="1"  type="stmt" />
				<line num="12"  count="1"  type="stmt" />
				<line num="14"  count="1"  type="stmt" />
				<line num="16"  count="1"  type="stmt" />
				<line num="17"  count="1"  type="stmt" />
				<line num="19"  count="1"  type="stmt" />
				<line num="21"  count="1"  type="stmt" />
				<line num="22"  count="1"  type="stmt" />
				<line num="24"  count="1"  type="stmt" />
				<line num="26"  count="1"  type="stmt" />
				<line num="27"  count="1"  type="stmt" />
				<line num="29"  count="1"  type="stmt" />
				<line num="31"  count="1"  type="stmt" />
				<line num="32"  count="1"  type="stmt" />
				<line num="34"  count="1"  type="stmt" />
				<line num="36"  count="1"  type="stmt" />
				<line num="37"  count="1"  type="stmt" />
				<line num="38"  count="1"  type="stmt" />
				<line num="39"  count="1"  type="stmt" />
				<line num="41"  count="1"  type="stmt" />
				<line num="43"  count="1"  type="stmt" />
				<line num="44"  count="1"  type="stmt" />
				<line num="45"  count="1"  type="stmt" />
				<line num="46"  count="1"  type="stmt" />
				<line num="48"  count="1"  type="stmt" />
				<line num="50"  count="7"  type="stmt" />
				<line num="51"  count="7"  type="stmt" />
				<line num="52"  count="7"  type="stmt" />
				<line num="53"  count="7"  type="cond"  truecount="6"  falsecount="1" />
				<line num="54"  count="2"  type="stmt" />
				<line num="56"  count="7"  type="cond"  truecount="2"  falsecount="0" />
				<line num="57"  count="5"  type="cond"  truecount="4"  falsecount="0" />
				<line num="58"  count="1"  type="stmt" />
				<line num="61"  count="4"  type="stmt" />
				<line num="64"  count="7"  type="cond"  truecount="2"  falsecount="0" />
				<line num="65"  count="7"  type="stmt" />
				<line num="66"  count="7"  type="stmt" />
				<line num="67"  count="42"  type="stmt" />
				<line num="70"  count="7"  type="stmt" />
				<line num="73"  count="14"  type="stmt" />
			</file>
		</package>
		<package name="es6.services" >
			<metrics statements="8"  coveredstatements="7"  conditionals="14"  coveredconditionals="8"  methods="8"  coveredmethods="6" />
			<file name="DataStore.js"  path="/Users/suhail/Sites/scenario-test/es6/services/DataStore.js" >
				<metrics statements="8"  coveredstatements="7"  conditionals="14"  coveredconditionals="8"  methods="8"  coveredmethods="6" />
				<line num="1"  count="1"  type="cond"  truecount="6"  falsecount="4" />
				<line num="2"  count="1"  type="stmt" />
				<line num="3"  count="1"  type="cond"  truecount="1"  falsecount="1" />
				<line num="4"  count="1"  type="cond"  truecount="1"  falsecount="1" />
				<line num="10"  count="1"  type="stmt" />
				<line num="11"  count="1"  type="stmt" />
				<line num="14"  count="0"  type="stmt" />
				<line num="15"  count="1"  type="stmt" />
			</file>
		</package>
		<package name="es6.views" >
			<metrics statements="49"  coveredstatements="46"  conditionals="146"  coveredconditionals="82"  methods="55"  coveredmethods="52" />
			<file name="Button.js"  path="/Users/suhail/Sites/scenario-test/es6/views/Button.js" >
				<metrics statements="10"  coveredstatements="9"  conditionals="39"  coveredconditionals="21"  methods="12"  coveredmethods="11" />
				<line num="1"  count="36"  type="cond"  truecount="20"  falsecount="15" />
				<line num="8"  count="3"  type="stmt" />
				<line num="9"  count="3"  type="stmt" />
				<line num="10"  count="9"  type="stmt" />
				<line num="14"  count="9"  type="stmt" />
				<line num="15"  count="9"  type="stmt" />
				<line num="18"  count="9"  type="stmt" />
				<line num="21"  count="0"  type="cond"  truecount="0"  falsecount="2" />
				<line num="25"  count="9"  type="cond"  truecount="1"  falsecount="1" />
				<line num="26"  count="9"  type="stmt" />
			</file>
			<file name="Card.js"  path="/Users/suhail/Sites/scenario-test/es6/views/Card.js" >
				<metrics statements="5"  coveredstatements="5"  conditionals="35"  coveredconditionals="20"  methods="10"  coveredmethods="10" />
				<line num="1"  count="12"  type="cond"  truecount="20"  falsecount="15" />
				<line num="2"  count="1"  type="stmt" />
				<line num="3"  count="1"  type="stmt" />
				<line num="5"  count="1"  type="stmt" />
				<line num="8"  count="1"  type="stmt" />
			</file>
			<file name="List.js"  path="/Users/suhail/Sites/scenario-test/es6/views/List.js" >
				<metrics statements="18"  coveredstatements="17"  conditionals="35"  coveredconditionals="20"  methods="17"  coveredmethods="16" />
				<line num="1"  count="12"  type="cond"  truecount="20"  falsecount="15" />
				<line num="2"  count="1"  type="stmt" />
				<line num="3"  count="6"  type="stmt" />
				<line num="5"  count="6"  type="stmt" />
				<line num="6"  count="6"  type="stmt" />
				<line num="9"  count="1"  type="stmt" />
				<line num="12"  count="6"  type="stmt" />
				<line num="21"  count="1"  type="stmt" />
				<line num="22"  count="1"  type="stmt" />
				<line num="23"  count="2"  type="stmt" />
				<line num="27"  count="2"  type="stmt" />
				<line num="28"  count="2"  type="stmt" />
				<line num="31"  count="1"  type="stmt" />
				<line num="34"  count="0"  type="stmt" />
				<line num="36"  count="2"  type="stmt" />
				<line num="37"  count="2"  type="stmt" />
				<line num="38"  count="6"  type="stmt" />
				<line num="40"  count="2"  type="stmt" />
			</file>
			<file name="Switch.js"  path="/Users/suhail/Sites/scenario-test/es6/views/Switch.js" >
				<metrics statements="16"  coveredstatements="15"  conditionals="37"  coveredconditionals="21"  methods="16"  coveredmethods="15" />
				<line num="1"  count="12"  type="cond"  truecount="20"  falsecount="15" />
				<line num="2"  count="1"  type="stmt" />
				<line num="3"  count="6"  type="stmt" />
				<line num="5"  count="6"  type="stmt" />
				<line num="8"  count="1"  type="stmt" />
				<line num="11"  count="6"  type="stmt" />
				<line num="12"  count="6"  type="stmt" />
				<line num="15"  count="1"  type="stmt" />
				<line num="16"  count="2"  type="stmt" />
				<line num="18"  count="2"  type="stmt" />
				<line num="19"  count="2"  type="stmt" />
				<line num="23"  count="0"  type="stmt" />
				<line num="27"  count="2"  type="stmt" />
				<line num="28"  count="2"  type="stmt" />
				<line num="29"  count="6"  type="stmt" />
				<line num="31"  count="2"  type="stmt" />
			</file>
		</package>
	</project>
</coverage>
