{
"/Users/suhail/Sites/scenario-test/es6/views/Button.js":{"path":"/Users/suhail/Sites/scenario-test/es6/views/Button.js","s":{"1":3,"2":3,"3":3,"4":3,"5":3,"6":9,"7":9,"8":9,"9":9,"10":9,"11":9,"12":3,"13":3,"14":3,"15":3,"16":0,"17":3,"18":3,"19":3,"20":3,"21":3,"22":0,"23":3,"24":3,"25":3,"26":36,"27":36,"28":3,"29":3,"30":3,"31":9,"32":0,"33":3,"34":9,"35":0,"36":9,"37":3,"38":3,"39":0,"40":3,"41":3,"42":3,"43":3,"44":3,"45":3,"46":9,"47":9,"48":9,"49":9,"50":9,"51":3,"52":9,"53":0,"54":9,"55":9,"56":3},"b":{"1":[9,9],"2":[9,0],"3":[3,0],"4":[0,3],"5":[0,3],"6":[3,3],"7":[3,0],"8":[36,0],"9":[0,9],"10":[0,9],"11":[0,9],"12":[9,0,0],"13":[0,3],"14":[3,0],"15":[3,3],"16":[3,0],"17":[3,0],"18":[0,0],"19":[9,0]},"f":{"1":3,"2":3,"3":3,"4":3,"5":9,"6":9,"7":3,"8":3,"9":9,"10":9,"11":0,"12":9},"fnMap":{"1":{"name":"(anonymous_1)","line":1,"loc":{"start":{"line":1,"column":145},"end":{"line":1,"column":157}}},"2":{"name":"defineProperties","line":1,"loc":{"start":{"line":1,"column":158},"end":{"line":1,"column":199}}},"3":{"name":"(anonymous_3)","line":1,"loc":{"start":{"line":1,"column":473},"end":{"line":1,"column":521}}},"4":{"name":"_interopRequireWildcard","line":1,"loc":{"start":{"line":1,"column":823},"end":{"line":1,"column":861}}},"5":{"name":"_classCallCheck","line":1,"loc":{"start":{"line":1,"column":1079},"end":{"line":1,"column":1127}}},"6":{"name":"_possibleConstructorReturn","line":1,"loc":{"start":{"line":1,"column":1228},"end":{"line":1,"column":1276}}},"7":{"name":"_inherits","line":1,"loc":{"start":{"line":1,"column":1463},"end":{"line":1,"column":1504}}},"8":{"name":"(anonymous_8)","line":9,"loc":{"start":{"line":9,"column":26},"end":{"line":9,"column":54}}},"9":{"name":"Button","line":10,"loc":{"start":{"line":10,"column":4},"end":{"line":10,"column":51}}},"10":{"name":"onClick","line":15,"loc":{"start":{"line":15,"column":135},"end":{"line":17,"column":11}}},"11":{"name":"shouldComponentUpdate","line":18,"loc":{"start":{"line":18,"column":99},"end":{"line":20,"column":15}}},"12":{"name":"render","line":22,"loc":{"start":{"line":22,"column":80},"end":{"line":24,"column":8}}}},"statementMap":{"1":{"start":{"line":1,"column":37},"end":{"line":1,"column":99},"skip":true},"2":{"start":{"line":1,"column":99},"end":{"line":1,"column":126}},"3":{"start":{"line":1,"column":126},"end":{"line":1,"column":675}},"4":{"start":{"line":1,"column":158},"end":{"line":1,"column":466}},"5":{"start":{"line":1,"column":200},"end":{"line":1,"column":465}},"6":{"start":{"line":1,"column":240},"end":{"line":1,"column":266}},"7":{"start":{"line":1,"column":266},"end":{"line":1,"column":321}},"8":{"start":{"line":1,"column":321},"end":{"line":1,"column":352}},"9":{"start":{"line":1,"column":352},"end":{"line":1,"column":406}},"10":{"start":{"line":1,"column":379},"end":{"line":1,"column":406}},"11":{"start":{"line":1,"column":406},"end":{"line":1,"column":464}},"12":{"start":{"line":1,"column":466},"end":{"line":1,"column":671}},"13":{"start":{"line":1,"column":522},"end":{"line":1,"column":590}},"14":{"start":{"line":1,"column":538},"end":{"line":1,"column":590}},"15":{"start":{"line":1,"column":590},"end":{"line":1,"column":650}},"16":{"start":{"line":1,"column":607},"end":{"line":1,"column":650}},"17":{"start":{"line":1,"column":650},"end":{"line":1,"column":669}},"18":{"start":{"line":1,"column":675},"end":{"line":1,"column":729}},"19":{"start":{"line":1,"column":754},"end":{"line":1,"column":798}},"20":{"start":{"line":1,"column":823},"end":{"line":1,"column":1079}},"21":{"start":{"line":1,"column":862},"end":{"line":1,"column":1078}},"22":{"start":{"line":1,"column":890},"end":{"line":1,"column":901}},"23":{"start":{"line":1,"column":909},"end":{"line":1,"column":925}},"24":{"start":{"line":1,"column":925},"end":{"line":1,"column":1042}},"25":{"start":{"line":1,"column":943},"end":{"line":1,"column":1041}},"26":{"start":{"line":1,"column":965},"end":{"line":1,"column":1040}},"27":{"start":{"line":1,"column":1017},"end":{"line":1,"column":1040}},"28":{"start":{"line":1,"column":1042},"end":{"line":1,"column":1063}},"29":{"start":{"line":1,"column":1063},"end":{"line":1,"column":1077}},"30":{"start":{"line":1,"column":1079},"end":{"line":1,"column":1228}},"31":{"start":{"line":1,"column":1128},"end":{"line":1,"column":1227}},"32":{"start":{"line":1,"column":1169},"end":{"line":1,"column":1226}},"33":{"start":{"line":1,"column":1228},"end":{"line":1,"column":1463}},"34":{"start":{"line":1,"column":1277},"end":{"line":1,"column":1376}},"35":{"start":{"line":1,"column":1289},"end":{"line":1,"column":1375}},"36":{"start":{"line":1,"column":1376},"end":{"line":1,"column":1462}},"37":{"start":{"line":1,"column":1463},"end":{"line":1,"column":1951}},"38":{"start":{"line":1,"column":1505},"end":{"line":1,"column":1668}},"39":{"start":{"line":1,"column":1567},"end":{"line":1,"column":1667}},"40":{"start":{"line":1,"column":1668},"end":{"line":1,"column":1832}},"41":{"start":{"line":1,"column":1832},"end":{"line":1,"column":1950}},"42":{"start":{"line":1,"column":1848},"end":{"line":1,"column":1950}},"43":{"start":{"line":8,"column":3},"end":{"line":26,"column":158}},"44":{"start":{"line":9,"column":55},"end":{"line":9,"column":91}},"45":{"start":{"line":10,"column":4},"end":{"line":15,"column":88}},"46":{"start":{"line":10,"column":76},"end":{"line":10,"column":106}},"47":{"start":{"line":14,"column":8},"end":{"line":14,"column":102}},"48":{"start":{"line":14,"column":127},"end":{"line":14,"column":218}},"49":{"start":{"line":15,"column":32},"end":{"line":15,"column":49},"skip":true},"50":{"start":{"line":15,"column":74},"end":{"line":15,"column":87}},"51":{"start":{"line":15,"column":88},"end":{"line":26,"column":125}},"52":{"start":{"line":18,"column":12},"end":{"line":18,"column":55}},"53":{"start":{"line":21,"column":12},"end":{"line":22,"column":51}},"54":{"start":{"line":25,"column":12},"end":{"line":25,"column":49}},"55":{"start":{"line":26,"column":12},"end":{"line":26,"column":119}},"56":{"start":{"line":26,"column":125},"end":{"line":26,"column":139}}},"branchMap":{"1":{"line":1,"type":"binary-expr","locations":[{"start":{"line":1,"column":290},"end":{"line":1,"column":311}},{"start":{"line":1,"column":315},"end":{"line":1,"column":320}}]},"2":{"line":1,"type":"if","locations":[{"start":{"line":1,"column":352},"end":{"line":1,"column":352}},{"start":{"line":1,"column":352},"end":{"line":1,"column":352}}]},"3":{"line":1,"type":"if","locations":[{"start":{"line":1,"column":522},"end":{"line":1,"column":522}},{"start":{"line":1,"column":522},"end":{"line":1,"column":522}}]},"4":{"line":1,"type":"if","locations":[{"start":{"line":1,"column":590},"end":{"line":1,"column":590}},{"start":{"line":1,"column":590},"end":{"line":1,"column":590}}]},"5":{"line":1,"type":"if","locations":[{"start":{"line":1,"column":862},"end":{"line":1,"column":862}},{"start":{"line":1,"column":862},"end":{"line":1,"column":862}}]},"6":{"line":1,"type":"binary-expr","locations":[{"start":{"line":1,"column":866},"end":{"line":1,"column":869}},{"start":{"line":1,"column":873},"end":{"line":1,"column":887}}]},"7":{"line":1,"type":"if","locations":[{"start":{"line":1,"column":925},"end":{"line":1,"column":925}},{"start":{"line":1,"column":925},"end":{"line":1,"column":925}}]},"8":{"line":1,"type":"if","locations":[{"start":{"line":1,"column":965},"end":{"line":1,"column":965}},{"start":{"line":1,"column":965},"end":{"line":1,"column":965}}]},"9":{"line":1,"type":"if","locations":[{"start":{"line":1,"column":1128},"end":{"line":1,"column":1128}},{"start":{"line":1,"column":1128},"end":{"line":1,"column":1128}}]},"10":{"line":1,"type":"if","locations":[{"start":{"line":1,"column":1277},"end":{"line":1,"column":1277}},{"start":{"line":1,"column":1277},"end":{"line":1,"column":1277}}]},"11":{"line":1,"type":"cond-expr","locations":[{"start":{"line":1,"column":1450},"end":{"line":1,"column":1454}},{"start":{"line":1,"column":1457},"end":{"line":1,"column":1461}}]},"12":{"line":1,"type":"binary-expr","locations":[{"start":{"line":1,"column":1383},"end":{"line":1,"column":1387}},{"start":{"line":1,"column":1392},"end":{"line":1,"column":1416}},{"start":{"line":1,"column":1420},"end":{"line":1,"column":1446}}]},"13":{"line":1,"type":"if","locations":[{"start":{"line":1,"column":1505},"end":{"line":1,"column":1505}},{"start":{"line":1,"column":1505},"end":{"line":1,"column":1505}}]},"14":{"line":1,"type":"binary-expr","locations":[{"start":{"line":1,"column":1509},"end":{"line":1,"column":1541}},{"start":{"line":1,"column":1545},"end":{"line":1,"column":1564}}]},"15":{"line":1,"type":"binary-expr","locations":[{"start":{"line":1,"column":1703},"end":{"line":1,"column":1713}},{"start":{"line":1,"column":1717},"end":{"line":1,"column":1737}}]},"16":{"line":1,"type":"if","locations":[{"start":{"line":1,"column":1832},"end":{"line":1,"column":1832}},{"start":{"line":1,"column":1832},"end":{"line":1,"column":1832}}]},"17":{"line":1,"type":"cond-expr","locations":[{"start":{"line":1,"column":1872},"end":{"line":1,"column":1915}},{"start":{"line":1,"column":1918},"end":{"line":1,"column":1949}}]},"18":{"line":21,"type":"binary-expr","locations":[{"start":{"line":21,"column":19},"end":{"line":21,"column":51}},{"start":{"line":22,"column":12},"end":{"line":22,"column":50}}]},"19":{"line":25,"type":"binary-expr","locations":[{"start":{"line":25,"column":22},"end":{"line":25,"column":42}},{"start":{"line":25,"column":46},"end":{"line":25,"column":48}}]}},"l":{"1":36,"8":3,"9":3,"10":9,"14":9,"15":9,"18":9,"21":0,"25":9,"26":9}},
"/Users/suhail/Sites/scenario-test/es6/views/List.js":{"path":"/Users/suhail/Sites/scenario-test/es6/views/List.js","s":{"1":1,"2":1,"3":1,"4":1,"5":2,"6":5,"7":5,"8":5,"9":5,"10":5,"11":5,"12":1,"13":2,"14":2,"15":2,"16":0,"17":2,"18":1,"19":1,"20":1,"21":1,"22":0,"23":1,"24":1,"25":1,"26":12,"27":12,"28":1,"29":1,"30":1,"31":8,"32":0,"33":1,"34":8,"35":0,"36":8,"37":1,"38":2,"39":0,"40":2,"41":2,"42":2,"43":1,"44":1,"45":1,"46":6,"47":6,"48":6,"49":6,"50":6,"51":1,"52":1,"53":6,"54":1,"55":1,"56":1,"57":1,"58":2,"59":2,"60":2,"61":2,"62":2,"63":1,"64":1,"65":0,"66":2,"67":2,"68":6,"69":2,"70":1},"b":{"1":[5,5],"2":[5,0],"3":[2,0],"4":[0,2],"5":[0,1],"6":[1,1],"7":[1,0],"8":[12,0],"9":[0,8],"10":[0,8],"11":[0,8],"12":[8,0,0],"13":[0,2],"14":[2,0],"15":[2,2],"16":[2,0],"17":[2,0]},"f":{"1":1,"2":2,"3":2,"4":1,"5":8,"6":8,"7":2,"8":1,"9":6,"10":1,"11":6,"12":1,"13":2,"14":1,"15":0,"16":2,"17":6},"fnMap":{"1":{"name":"(anonymous_1)","line":1,"loc":{"start":{"line":1,"column":162},"end":{"line":1,"column":174}}},"2":{"name":"defineProperties","line":1,"loc":{"start":{"line":1,"column":175},"end":{"line":1,"column":216}}},"3":{"name":"(anonymous_3)","line":1,"loc":{"start":{"line":1,"column":490},"end":{"line":1,"column":538}}},"4":{"name":"_interopRequireWildcard","line":1,"loc":{"start":{"line":1,"column":840},"end":{"line":1,"column":878}}},"5":{"name":"_classCallCheck","line":1,"loc":{"start":{"line":1,"column":1096},"end":{"line":1,"column":1144}}},"6":{"name":"_possibleConstructorReturn","line":1,"loc":{"start":{"line":1,"column":1245},"end":{"line":1,"column":1293}}},"7":{"name":"_inherits","line":1,"loc":{"start":{"line":1,"column":1480},"end":{"line":1,"column":1521}}},"8":{"name":"(anonymous_8)","line":2,"loc":{"start":{"line":2,"column":30},"end":{"line":2,"column":58}}},"9":{"name":"ListItem","line":3,"loc":{"start":{"line":3,"column":4},"end":{"line":3,"column":53}}},"10":{"name":"onClick","line":6,"loc":{"start":{"line":6,"column":137},"end":{"line":8,"column":11}}},"11":{"name":"render","line":9,"loc":{"start":{"line":9,"column":84},"end":{"line":11,"column":8}}},"12":{"name":"(anonymous_12)","line":22,"loc":{"start":{"line":22,"column":22},"end":{"line":22,"column":51}}},"13":{"name":"List","line":23,"loc":{"start":{"line":23,"column":4},"end":{"line":23,"column":49}}},"14":{"name":"onClick","line":28,"loc":{"start":{"line":28,"column":135},"end":{"line":30,"column":21}}},"15":{"name":"shouldComponentUpdate","line":31,"loc":{"start":{"line":31,"column":92},"end":{"line":33,"column":15}}},"16":{"name":"render","line":34,"loc":{"start":{"line":34,"column":81},"end":{"line":36,"column":8}}},"17":{"name":"(anonymous_17)","line":37,"loc":{"start":{"line":37,"column":45},"end":{"line":37,"column":58}}}},"statementMap":{"1":{"start":{"line":1,"column":37},"end":{"line":1,"column":99},"skip":true},"2":{"start":{"line":1,"column":99},"end":{"line":1,"column":143}},"3":{"start":{"line":1,"column":143},"end":{"line":1,"column":692}},"4":{"start":{"line":1,"column":175},"end":{"line":1,"column":483}},"5":{"start":{"line":1,"column":217},"end":{"line":1,"column":482}},"6":{"start":{"line":1,"column":257},"end":{"line":1,"column":283}},"7":{"start":{"line":1,"column":283},"end":{"line":1,"column":338}},"8":{"start":{"line":1,"column":338},"end":{"line":1,"column":369}},"9":{"start":{"line":1,"column":369},"end":{"line":1,"column":423}},"10":{"start":{"line":1,"column":396},"end":{"line":1,"column":423}},"11":{"start":{"line":1,"column":423},"end":{"line":1,"column":481}},"12":{"start":{"line":1,"column":483},"end":{"line":1,"column":688}},"13":{"start":{"line":1,"column":539},"end":{"line":1,"column":607}},"14":{"start":{"line":1,"column":555},"end":{"line":1,"column":607}},"15":{"start":{"line":1,"column":607},"end":{"line":1,"column":667}},"16":{"start":{"line":1,"column":624},"end":{"line":1,"column":667}},"17":{"start":{"line":1,"column":667},"end":{"line":1,"column":686}},"18":{"start":{"line":1,"column":692},"end":{"line":1,"column":746}},"19":{"start":{"line":1,"column":771},"end":{"line":1,"column":815}},"20":{"start":{"line":1,"column":840},"end":{"line":1,"column":1096}},"21":{"start":{"line":1,"column":879},"end":{"line":1,"column":1095}},"22":{"start":{"line":1,"column":907},"end":{"line":1,"column":918}},"23":{"start":{"line":1,"column":926},"end":{"line":1,"column":942}},"24":{"start":{"line":1,"column":942},"end":{"line":1,"column":1059}},"25":{"start":{"line":1,"column":960},"end":{"line":1,"column":1058}},"26":{"start":{"line":1,"column":982},"end":{"line":1,"column":1057}},"27":{"start":{"line":1,"column":1034},"end":{"line":1,"column":1057}},"28":{"start":{"line":1,"column":1059},"end":{"line":1,"column":1080}},"29":{"start":{"line":1,"column":1080},"end":{"line":1,"column":1094}},"30":{"start":{"line":1,"column":1096},"end":{"line":1,"column":1245}},"31":{"start":{"line":1,"column":1145},"end":{"line":1,"column":1244}},"32":{"start":{"line":1,"column":1186},"end":{"line":1,"column":1243}},"33":{"start":{"line":1,"column":1245},"end":{"line":1,"column":1480}},"34":{"start":{"line":1,"column":1294},"end":{"line":1,"column":1393}},"35":{"start":{"line":1,"column":1306},"end":{"line":1,"column":1392}},"36":{"start":{"line":1,"column":1393},"end":{"line":1,"column":1479}},"37":{"start":{"line":1,"column":1480},"end":{"line":1,"column":1968}},"38":{"start":{"line":1,"column":1522},"end":{"line":1,"column":1685}},"39":{"start":{"line":1,"column":1584},"end":{"line":1,"column":1684}},"40":{"start":{"line":1,"column":1685},"end":{"line":1,"column":1849}},"41":{"start":{"line":1,"column":1849},"end":{"line":1,"column":1967}},"42":{"start":{"line":1,"column":1865},"end":{"line":1,"column":1967}},"43":{"start":{"line":1,"column":1968},"end":{"line":12,"column":159}},"44":{"start":{"line":2,"column":59},"end":{"line":2,"column":97}},"45":{"start":{"line":3,"column":4},"end":{"line":6,"column":88}},"46":{"start":{"line":3,"column":78},"end":{"line":3,"column":110}},"47":{"start":{"line":3,"column":110},"end":{"line":4,"column":16}},"48":{"start":{"line":5,"column":32},"end":{"line":5,"column":123}},"49":{"start":{"line":6,"column":32},"end":{"line":6,"column":49},"skip":true},"50":{"start":{"line":6,"column":74},"end":{"line":6,"column":87}},"51":{"start":{"line":6,"column":88},"end":{"line":12,"column":124}},"52":{"start":{"line":9,"column":12},"end":{"line":9,"column":55}},"53":{"start":{"line":12,"column":12},"end":{"line":12,"column":118}},"54":{"start":{"line":12,"column":124},"end":{"line":12,"column":140}},"55":{"start":{"line":21,"column":28},"end":{"line":40,"column":116}},"56":{"start":{"line":22,"column":52},"end":{"line":22,"column":87}},"57":{"start":{"line":23,"column":4},"end":{"line":28,"column":90}},"58":{"start":{"line":23,"column":74},"end":{"line":23,"column":102}},"59":{"start":{"line":27,"column":8},"end":{"line":27,"column":101}},"60":{"start":{"line":27,"column":126},"end":{"line":27,"column":220}},"61":{"start":{"line":28,"column":32},"end":{"line":28,"column":50},"skip":true},"62":{"start":{"line":28,"column":75},"end":{"line":28,"column":89}},"63":{"start":{"line":28,"column":90},"end":{"line":40,"column":85}},"64":{"start":{"line":31,"column":12},"end":{"line":31,"column":48}},"65":{"start":{"line":34,"column":12},"end":{"line":34,"column":52}},"66":{"start":{"line":36,"column":33},"end":{"line":36,"column":51}},"67":{"start":{"line":37,"column":12},"end":{"line":38,"column":175}},"68":{"start":{"line":38,"column":16},"end":{"line":38,"column":172}},"69":{"start":{"line":40,"column":12},"end":{"line":40,"column":79}},"70":{"start":{"line":40,"column":85},"end":{"line":40,"column":97}}},"branchMap":{"1":{"line":1,"type":"binary-expr","locations":[{"start":{"line":1,"column":307},"end":{"line":1,"column":328}},{"start":{"line":1,"column":332},"end":{"line":1,"column":337}}]},"2":{"line":1,"type":"if","locations":[{"start":{"line":1,"column":369},"end":{"line":1,"column":369}},{"start":{"line":1,"column":369},"end":{"line":1,"column":369}}]},"3":{"line":1,"type":"if","locations":[{"start":{"line":1,"column":539},"end":{"line":1,"column":539}},{"start":{"line":1,"column":539},"end":{"line":1,"column":539}}]},"4":{"line":1,"type":"if","locations":[{"start":{"line":1,"column":607},"end":{"line":1,"column":607}},{"start":{"line":1,"column":607},"end":{"line":1,"column":607}}]},"5":{"line":1,"type":"if","locations":[{"start":{"line":1,"column":879},"end":{"line":1,"column":879}},{"start":{"line":1,"column":879},"end":{"line":1,"column":879}}]},"6":{"line":1,"type":"binary-expr","locations":[{"start":{"line":1,"column":883},"end":{"line":1,"column":886}},{"start":{"line":1,"column":890},"end":{"line":1,"column":904}}]},"7":{"line":1,"type":"if","locations":[{"start":{"line":1,"column":942},"end":{"line":1,"column":942}},{"start":{"line":1,"column":942},"end":{"line":1,"column":942}}]},"8":{"line":1,"type":"if","locations":[{"start":{"line":1,"column":982},"end":{"line":1,"column":982}},{"start":{"line":1,"column":982},"end":{"line":1,"column":982}}]},"9":{"line":1,"type":"if","locations":[{"start":{"line":1,"column":1145},"end":{"line":1,"column":1145}},{"start":{"line":1,"column":1145},"end":{"line":1,"column":1145}}]},"10":{"line":1,"type":"if","locations":[{"start":{"line":1,"column":1294},"end":{"line":1,"column":1294}},{"start":{"line":1,"column":1294},"end":{"line":1,"column":1294}}]},"11":{"line":1,"type":"cond-expr","locations":[{"start":{"line":1,"column":1467},"end":{"line":1,"column":1471}},{"start":{"line":1,"column":1474},"end":{"line":1,"column":1478}}]},"12":{"line":1,"type":"binary-expr","locations":[{"start":{"line":1,"column":1400},"end":{"line":1,"column":1404}},{"start":{"line":1,"column":1409},"end":{"line":1,"column":1433}},{"start":{"line":1,"column":1437},"end":{"line":1,"column":1463}}]},"13":{"line":1,"type":"if","locations":[{"start":{"line":1,"column":1522},"end":{"line":1,"column":1522}},{"start":{"line":1,"column":1522},"end":{"line":1,"column":1522}}]},"14":{"line":1,"type":"binary-expr","locations":[{"start":{"line":1,"column":1526},"end":{"line":1,"column":1558}},{"start":{"line":1,"column":1562},"end":{"line":1,"column":1581}}]},"15":{"line":1,"type":"binary-expr","locations":[{"start":{"line":1,"column":1720},"end":{"line":1,"column":1730}},{"start":{"line":1,"column":1734},"end":{"line":1,"column":1754}}]},"16":{"line":1,"type":"if","locations":[{"start":{"line":1,"column":1849},"end":{"line":1,"column":1849}},{"start":{"line":1,"column":1849},"end":{"line":1,"column":1849}}]},"17":{"line":1,"type":"cond-expr","locations":[{"start":{"line":1,"column":1889},"end":{"line":1,"column":1932}},{"start":{"line":1,"column":1935},"end":{"line":1,"column":1966}}]}},"l":{"1":12,"2":1,"3":6,"5":6,"6":6,"9":1,"12":6,"21":1,"22":1,"23":2,"27":2,"28":2,"31":1,"34":0,"36":2,"37":2,"38":6,"40":2}},
"/Users/suhail/Sites/scenario-test/es6/views/Card.js":{"path":"/Users/suhail/Sites/scenario-test/es6/views/Card.js","s":{"1":1,"2":1,"3":1,"4":1,"5":1,"6":1,"7":1,"8":1,"9":1,"10":1,"11":1,"12":1,"13":1,"14":1,"15":1,"16":0,"17":1,"18":1,"19":1,"20":1,"21":1,"22":0,"23":1,"24":1,"25":1,"26":12,"27":12,"28":1,"29":1,"30":1,"31":1,"32":0,"33":1,"34":1,"35":0,"36":1,"37":1,"38":1,"39":0,"40":1,"41":1,"42":1,"43":1,"44":1,"45":1,"46":1,"47":1,"48":1,"49":1,"50":1,"51":1,"52":1},"b":{"1":[1,1],"2":[1,0],"3":[1,0],"4":[0,1],"5":[0,1],"6":[1,1],"7":[1,0],"8":[12,0],"9":[0,1],"10":[0,1],"11":[0,1],"12":[1,0,0],"13":[0,1],"14":[1,0],"15":[1,1],"16":[1,0],"17":[1,0]},"f":{"1":1,"2":1,"3":1,"4":1,"5":1,"6":1,"7":1,"8":1,"9":1,"10":1},"fnMap":{"1":{"name":"(anonymous_1)","line":1,"loc":{"start":{"line":1,"column":143},"end":{"line":1,"column":155}}},"2":{"name":"defineProperties","line":1,"loc":{"start":{"line":1,"column":156},"end":{"line":1,"column":197}}},"3":{"name":"(anonymous_3)","line":1,"loc":{"start":{"line":1,"column":471},"end":{"line":1,"column":519}}},"4":{"name":"_interopRequireWildcard","line":1,"loc":{"start":{"line":1,"column":821},"end":{"line":1,"column":859}}},"5":{"name":"_classCallCheck","line":1,"loc":{"start":{"line":1,"column":1077},"end":{"line":1,"column":1125}}},"6":{"name":"_possibleConstructorReturn","line":1,"loc":{"start":{"line":1,"column":1226},"end":{"line":1,"column":1274}}},"7":{"name":"_inherits","line":1,"loc":{"start":{"line":1,"column":1461},"end":{"line":1,"column":1502}}},"8":{"name":"(anonymous_8)","line":2,"loc":{"start":{"line":2,"column":22},"end":{"line":2,"column":50}}},"9":{"name":"Card","line":3,"loc":{"start":{"line":3,"column":4},"end":{"line":3,"column":49}}},"10":{"name":"render","line":5,"loc":{"start":{"line":5,"column":132},"end":{"line":7,"column":8}}}},"statementMap":{"1":{"start":{"line":1,"column":37},"end":{"line":1,"column":99},"skip":true},"2":{"start":{"line":1,"column":99},"end":{"line":1,"column":124}},"3":{"start":{"line":1,"column":124},"end":{"line":1,"column":673}},"4":{"start":{"line":1,"column":156},"end":{"line":1,"column":464}},"5":{"start":{"line":1,"column":198},"end":{"line":1,"column":463}},"6":{"start":{"line":1,"column":238},"end":{"line":1,"column":264}},"7":{"start":{"line":1,"column":264},"end":{"line":1,"column":319}},"8":{"start":{"line":1,"column":319},"end":{"line":1,"column":350}},"9":{"start":{"line":1,"column":350},"end":{"line":1,"column":404}},"10":{"start":{"line":1,"column":377},"end":{"line":1,"column":404}},"11":{"start":{"line":1,"column":404},"end":{"line":1,"column":462}},"12":{"start":{"line":1,"column":464},"end":{"line":1,"column":669}},"13":{"start":{"line":1,"column":520},"end":{"line":1,"column":588}},"14":{"start":{"line":1,"column":536},"end":{"line":1,"column":588}},"15":{"start":{"line":1,"column":588},"end":{"line":1,"column":648}},"16":{"start":{"line":1,"column":605},"end":{"line":1,"column":648}},"17":{"start":{"line":1,"column":648},"end":{"line":1,"column":667}},"18":{"start":{"line":1,"column":673},"end":{"line":1,"column":727}},"19":{"start":{"line":1,"column":752},"end":{"line":1,"column":796}},"20":{"start":{"line":1,"column":821},"end":{"line":1,"column":1077}},"21":{"start":{"line":1,"column":860},"end":{"line":1,"column":1076}},"22":{"start":{"line":1,"column":888},"end":{"line":1,"column":899}},"23":{"start":{"line":1,"column":907},"end":{"line":1,"column":923}},"24":{"start":{"line":1,"column":923},"end":{"line":1,"column":1040}},"25":{"start":{"line":1,"column":941},"end":{"line":1,"column":1039}},"26":{"start":{"line":1,"column":963},"end":{"line":1,"column":1038}},"27":{"start":{"line":1,"column":1015},"end":{"line":1,"column":1038}},"28":{"start":{"line":1,"column":1040},"end":{"line":1,"column":1061}},"29":{"start":{"line":1,"column":1061},"end":{"line":1,"column":1075}},"30":{"start":{"line":1,"column":1077},"end":{"line":1,"column":1226}},"31":{"start":{"line":1,"column":1126},"end":{"line":1,"column":1225}},"32":{"start":{"line":1,"column":1167},"end":{"line":1,"column":1224}},"33":{"start":{"line":1,"column":1226},"end":{"line":1,"column":1461}},"34":{"start":{"line":1,"column":1275},"end":{"line":1,"column":1374}},"35":{"start":{"line":1,"column":1287},"end":{"line":1,"column":1373}},"36":{"start":{"line":1,"column":1374},"end":{"line":1,"column":1460}},"37":{"start":{"line":1,"column":1461},"end":{"line":1,"column":1949}},"38":{"start":{"line":1,"column":1503},"end":{"line":1,"column":1666}},"39":{"start":{"line":1,"column":1565},"end":{"line":1,"column":1665}},"40":{"start":{"line":1,"column":1666},"end":{"line":1,"column":1830}},"41":{"start":{"line":1,"column":1830},"end":{"line":1,"column":1948}},"42":{"start":{"line":1,"column":1846},"end":{"line":1,"column":1948}},"43":{"start":{"line":1,"column":1949},"end":{"line":8,"column":380}},"44":{"start":{"line":2,"column":51},"end":{"line":2,"column":85}},"45":{"start":{"line":3,"column":4},"end":{"line":5,"column":88}},"46":{"start":{"line":3,"column":74},"end":{"line":3,"column":102}},"47":{"start":{"line":3,"column":102},"end":{"line":4,"column":16}},"48":{"start":{"line":5,"column":32},"end":{"line":5,"column":49}},"49":{"start":{"line":5,"column":74},"end":{"line":5,"column":87}},"50":{"start":{"line":5,"column":88},"end":{"line":8,"column":349}},"51":{"start":{"line":8,"column":12},"end":{"line":8,"column":343}},"52":{"start":{"line":8,"column":349},"end":{"line":8,"column":361}}},"branchMap":{"1":{"line":1,"type":"binary-expr","locations":[{"start":{"line":1,"column":288},"end":{"line":1,"column":309}},{"start":{"line":1,"column":313},"end":{"line":1,"column":318}}]},"2":{"line":1,"type":"if","locations":[{"start":{"line":1,"column":350},"end":{"line":1,"column":350}},{"start":{"line":1,"column":350},"end":{"line":1,"column":350}}]},"3":{"line":1,"type":"if","locations":[{"start":{"line":1,"column":520},"end":{"line":1,"column":520}},{"start":{"line":1,"column":520},"end":{"line":1,"column":520}}]},"4":{"line":1,"type":"if","locations":[{"start":{"line":1,"column":588},"end":{"line":1,"column":588}},{"start":{"line":1,"column":588},"end":{"line":1,"column":588}}]},"5":{"line":1,"type":"if","locations":[{"start":{"line":1,"column":860},"end":{"line":1,"column":860}},{"start":{"line":1,"column":860},"end":{"line":1,"column":860}}]},"6":{"line":1,"type":"binary-expr","locations":[{"start":{"line":1,"column":864},"end":{"line":1,"column":867}},{"start":{"line":1,"column":871},"end":{"line":1,"column":885}}]},"7":{"line":1,"type":"if","locations":[{"start":{"line":1,"column":923},"end":{"line":1,"column":923}},{"start":{"line":1,"column":923},"end":{"line":1,"column":923}}]},"8":{"line":1,"type":"if","locations":[{"start":{"line":1,"column":963},"end":{"line":1,"column":963}},{"start":{"line":1,"column":963},"end":{"line":1,"column":963}}]},"9":{"line":1,"type":"if","locations":[{"start":{"line":1,"column":1126},"end":{"line":1,"column":1126}},{"start":{"line":1,"column":1126},"end":{"line":1,"column":1126}}]},"10":{"line":1,"type":"if","locations":[{"start":{"line":1,"column":1275},"end":{"line":1,"column":1275}},{"start":{"line":1,"column":1275},"end":{"line":1,"column":1275}}]},"11":{"line":1,"type":"cond-expr","locations":[{"start":{"line":1,"column":1448},"end":{"line":1,"column":1452}},{"start":{"line":1,"column":1455},"end":{"line":1,"column":1459}}]},"12":{"line":1,"type":"binary-expr","locations":[{"start":{"line":1,"column":1381},"end":{"line":1,"column":1385}},{"start":{"line":1,"column":1390},"end":{"line":1,"column":1414}},{"start":{"line":1,"column":1418},"end":{"line":1,"column":1444}}]},"13":{"line":1,"type":"if","locations":[{"start":{"line":1,"column":1503},"end":{"line":1,"column":1503}},{"start":{"line":1,"column":1503},"end":{"line":1,"column":1503}}]},"14":{"line":1,"type":"binary-expr","locations":[{"start":{"line":1,"column":1507},"end":{"line":1,"column":1539}},{"start":{"line":1,"column":1543},"end":{"line":1,"column":1562}}]},"15":{"line":1,"type":"binary-expr","locations":[{"start":{"line":1,"column":1701},"end":{"line":1,"column":1711}},{"start":{"line":1,"column":1715},"end":{"line":1,"column":1735}}]},"16":{"line":1,"type":"if","locations":[{"start":{"line":1,"column":1830},"end":{"line":1,"column":1830}},{"start":{"line":1,"column":1830},"end":{"line":1,"column":1830}}]},"17":{"line":1,"type":"cond-expr","locations":[{"start":{"line":1,"column":1870},"end":{"line":1,"column":1913}},{"start":{"line":1,"column":1916},"end":{"line":1,"column":1947}}]}},"l":{"1":12,"2":1,"3":1,"5":1,"8":1}},
"/Users/suhail/Sites/scenario-test/es6/views/Switch.js":{"path":"/Users/suhail/Sites/scenario-test/es6/views/Switch.js","s":{"1":1,"2":1,"3":1,"4":1,"5":2,"6":4,"7":4,"8":4,"9":4,"10":4,"11":4,"12":1,"13":2,"14":2,"15":2,"16":0,"17":2,"18":1,"19":1,"20":1,"21":1,"22":0,"23":1,"24":1,"25":1,"26":12,"27":12,"28":1,"29":1,"30":1,"31":8,"32":0,"33":1,"34":8,"35":0,"36":8,"37":1,"38":2,"39":0,"40":2,"41":2,"42":2,"43":1,"44":1,"45":1,"46":6,"47":6,"48":6,"49":6,"50":1,"51":1,"52":6,"53":6,"54":1,"55":1,"56":1,"57":1,"58":2,"59":2,"60":2,"61":2,"62":1,"63":0,"64":2,"65":2,"66":6,"67":2,"68":1},"b":{"1":[4,4],"2":[4,0],"3":[2,0],"4":[0,2],"5":[0,1],"6":[1,1],"7":[1,0],"8":[12,0],"9":[0,8],"10":[0,8],"11":[0,8],"12":[8,0,0],"13":[0,2],"14":[2,0],"15":[2,2],"16":[2,0],"17":[2,0],"18":[2,0]},"f":{"1":1,"2":2,"3":2,"4":1,"5":8,"6":8,"7":2,"8":1,"9":6,"10":1,"11":6,"12":1,"13":2,"14":0,"15":2,"16":6},"fnMap":{"1":{"name":"(anonymous_1)","line":1,"loc":{"start":{"line":1,"column":166},"end":{"line":1,"column":178}}},"2":{"name":"defineProperties","line":1,"loc":{"start":{"line":1,"column":179},"end":{"line":1,"column":220}}},"3":{"name":"(anonymous_3)","line":1,"loc":{"start":{"line":1,"column":494},"end":{"line":1,"column":542}}},"4":{"name":"_interopRequireWildcard","line":1,"loc":{"start":{"line":1,"column":844},"end":{"line":1,"column":882}}},"5":{"name":"_classCallCheck","line":1,"loc":{"start":{"line":1,"column":1100},"end":{"line":1,"column":1148}}},"6":{"name":"_possibleConstructorReturn","line":1,"loc":{"start":{"line":1,"column":1249},"end":{"line":1,"column":1297}}},"7":{"name":"_inherits","line":1,"loc":{"start":{"line":1,"column":1484},"end":{"line":1,"column":1525}}},"8":{"name":"(anonymous_8)","line":2,"loc":{"start":{"line":2,"column":34},"end":{"line":2,"column":62}}},"9":{"name":"SwitchItem","line":3,"loc":{"start":{"line":3,"column":4},"end":{"line":3,"column":55}}},"10":{"name":"onClick","line":5,"loc":{"start":{"line":5,"column":213},"end":{"line":7,"column":11}}},"11":{"name":"render","line":8,"loc":{"start":{"line":8,"column":98},"end":{"line":10,"column":8}}},"12":{"name":"(anonymous_12)","line":15,"loc":{"start":{"line":15,"column":26},"end":{"line":15,"column":55}}},"13":{"name":"Switch","line":16,"loc":{"start":{"line":16,"column":4},"end":{"line":16,"column":51}}},"14":{"name":"componentWillReceiveProps","line":19,"loc":{"start":{"line":19,"column":144},"end":{"line":22,"column":19}}},"15":{"name":"render","line":24,"loc":{"start":{"line":24,"column":77},"end":{"line":27,"column":8}}},"16":{"name":"(anonymous_16)","line":28,"loc":{"start":{"line":28,"column":46},"end":{"line":28,"column":62}}}},"statementMap":{"1":{"start":{"line":1,"column":37},"end":{"line":1,"column":99},"skip":true},"2":{"start":{"line":1,"column":99},"end":{"line":1,"column":147}},"3":{"start":{"line":1,"column":147},"end":{"line":1,"column":696}},"4":{"start":{"line":1,"column":179},"end":{"line":1,"column":487}},"5":{"start":{"line":1,"column":221},"end":{"line":1,"column":486}},"6":{"start":{"line":1,"column":261},"end":{"line":1,"column":287}},"7":{"start":{"line":1,"column":287},"end":{"line":1,"column":342}},"8":{"start":{"line":1,"column":342},"end":{"line":1,"column":373}},"9":{"start":{"line":1,"column":373},"end":{"line":1,"column":427}},"10":{"start":{"line":1,"column":400},"end":{"line":1,"column":427}},"11":{"start":{"line":1,"column":427},"end":{"line":1,"column":485}},"12":{"start":{"line":1,"column":487},"end":{"line":1,"column":692}},"13":{"start":{"line":1,"column":543},"end":{"line":1,"column":611}},"14":{"start":{"line":1,"column":559},"end":{"line":1,"column":611}},"15":{"start":{"line":1,"column":611},"end":{"line":1,"column":671}},"16":{"start":{"line":1,"column":628},"end":{"line":1,"column":671}},"17":{"start":{"line":1,"column":671},"end":{"line":1,"column":690}},"18":{"start":{"line":1,"column":696},"end":{"line":1,"column":750}},"19":{"start":{"line":1,"column":775},"end":{"line":1,"column":819}},"20":{"start":{"line":1,"column":844},"end":{"line":1,"column":1100}},"21":{"start":{"line":1,"column":883},"end":{"line":1,"column":1099}},"22":{"start":{"line":1,"column":911},"end":{"line":1,"column":922}},"23":{"start":{"line":1,"column":930},"end":{"line":1,"column":946}},"24":{"start":{"line":1,"column":946},"end":{"line":1,"column":1063}},"25":{"start":{"line":1,"column":964},"end":{"line":1,"column":1062}},"26":{"start":{"line":1,"column":986},"end":{"line":1,"column":1061}},"27":{"start":{"line":1,"column":1038},"end":{"line":1,"column":1061}},"28":{"start":{"line":1,"column":1063},"end":{"line":1,"column":1084}},"29":{"start":{"line":1,"column":1084},"end":{"line":1,"column":1098}},"30":{"start":{"line":1,"column":1100},"end":{"line":1,"column":1249}},"31":{"start":{"line":1,"column":1149},"end":{"line":1,"column":1248}},"32":{"start":{"line":1,"column":1190},"end":{"line":1,"column":1247}},"33":{"start":{"line":1,"column":1249},"end":{"line":1,"column":1484}},"34":{"start":{"line":1,"column":1298},"end":{"line":1,"column":1397}},"35":{"start":{"line":1,"column":1310},"end":{"line":1,"column":1396}},"36":{"start":{"line":1,"column":1397},"end":{"line":1,"column":1483}},"37":{"start":{"line":1,"column":1484},"end":{"line":1,"column":1972}},"38":{"start":{"line":1,"column":1526},"end":{"line":1,"column":1689}},"39":{"start":{"line":1,"column":1588},"end":{"line":1,"column":1688}},"40":{"start":{"line":1,"column":1689},"end":{"line":1,"column":1853}},"41":{"start":{"line":1,"column":1853},"end":{"line":1,"column":1971}},"42":{"start":{"line":1,"column":1869},"end":{"line":1,"column":1971}},"43":{"start":{"line":1,"column":1972},"end":{"line":12,"column":178}},"44":{"start":{"line":2,"column":63},"end":{"line":2,"column":103}},"45":{"start":{"line":3,"column":4},"end":{"line":5,"column":162}},"46":{"start":{"line":3,"column":80},"end":{"line":3,"column":114}},"47":{"start":{"line":3,"column":114},"end":{"line":4,"column":16}},"48":{"start":{"line":5,"column":32},"end":{"line":5,"column":123}},"49":{"start":{"line":5,"column":148},"end":{"line":5,"column":161},"skip":true},"50":{"start":{"line":5,"column":162},"end":{"line":12,"column":141}},"51":{"start":{"line":8,"column":12},"end":{"line":8,"column":69}},"52":{"start":{"line":11,"column":12},"end":{"line":11,"column":31}},"53":{"start":{"line":12,"column":12},"end":{"line":12,"column":135}},"54":{"start":{"line":12,"column":141},"end":{"line":12,"column":159}},"55":{"start":{"line":12,"column":203},"end":{"line":31,"column":162}},"56":{"start":{"line":15,"column":56},"end":{"line":15,"column":93}},"57":{"start":{"line":16,"column":4},"end":{"line":19,"column":79}},"58":{"start":{"line":16,"column":76},"end":{"line":16,"column":106}},"59":{"start":{"line":16,"column":106},"end":{"line":17,"column":16}},"60":{"start":{"line":18,"column":32},"end":{"line":19,"column":39}},"61":{"start":{"line":19,"column":64},"end":{"line":19,"column":78}},"62":{"start":{"line":19,"column":79},"end":{"line":31,"column":129}},"63":{"start":{"line":23,"column":12},"end":{"line":24,"column":48}},"64":{"start":{"line":27,"column":33},"end":{"line":27,"column":51}},"65":{"start":{"line":28,"column":12},"end":{"line":30,"column":45}},"66":{"start":{"line":29,"column":16},"end":{"line":29,"column":169}},"67":{"start":{"line":31,"column":12},"end":{"line":31,"column":123}},"68":{"start":{"line":31,"column":129},"end":{"line":31,"column":143}}},"branchMap":{"1":{"line":1,"type":"binary-expr","locations":[{"start":{"line":1,"column":311},"end":{"line":1,"column":332}},{"start":{"line":1,"column":336},"end":{"line":1,"column":341}}]},"2":{"line":1,"type":"if","locations":[{"start":{"line":1,"column":373},"end":{"line":1,"column":373}},{"start":{"line":1,"column":373},"end":{"line":1,"column":373}}]},"3":{"line":1,"type":"if","locations":[{"start":{"line":1,"column":543},"end":{"line":1,"column":543}},{"start":{"line":1,"column":543},"end":{"line":1,"column":543}}]},"4":{"line":1,"type":"if","locations":[{"start":{"line":1,"column":611},"end":{"line":1,"column":611}},{"start":{"line":1,"column":611},"end":{"line":1,"column":611}}]},"5":{"line":1,"type":"if","locations":[{"start":{"line":1,"column":883},"end":{"line":1,"column":883}},{"start":{"line":1,"column":883},"end":{"line":1,"column":883}}]},"6":{"line":1,"type":"binary-expr","locations":[{"start":{"line":1,"column":887},"end":{"line":1,"column":890}},{"start":{"line":1,"column":894},"end":{"line":1,"column":908}}]},"7":{"line":1,"type":"if","locations":[{"start":{"line":1,"column":946},"end":{"line":1,"column":946}},{"start":{"line":1,"column":946},"end":{"line":1,"column":946}}]},"8":{"line":1,"type":"if","locations":[{"start":{"line":1,"column":986},"end":{"line":1,"column":986}},{"start":{"line":1,"column":986},"end":{"line":1,"column":986}}]},"9":{"line":1,"type":"if","locations":[{"start":{"line":1,"column":1149},"end":{"line":1,"column":1149}},{"start":{"line":1,"column":1149},"end":{"line":1,"column":1149}}]},"10":{"line":1,"type":"if","locations":[{"start":{"line":1,"column":1298},"end":{"line":1,"column":1298}},{"start":{"line":1,"column":1298},"end":{"line":1,"column":1298}}]},"11":{"line":1,"type":"cond-expr","locations":[{"start":{"line":1,"column":1471},"end":{"line":1,"column":1475}},{"start":{"line":1,"column":1478},"end":{"line":1,"column":1482}}]},"12":{"line":1,"type":"binary-expr","locations":[{"start":{"line":1,"column":1404},"end":{"line":1,"column":1408}},{"start":{"line":1,"column":1413},"end":{"line":1,"column":1437}},{"start":{"line":1,"column":1441},"end":{"line":1,"column":1467}}]},"13":{"line":1,"type":"if","locations":[{"start":{"line":1,"column":1526},"end":{"line":1,"column":1526}},{"start":{"line":1,"column":1526},"end":{"line":1,"column":1526}}]},"14":{"line":1,"type":"binary-expr","locations":[{"start":{"line":1,"column":1530},"end":{"line":1,"column":1562}},{"start":{"line":1,"column":1566},"end":{"line":1,"column":1585}}]},"15":{"line":1,"type":"binary-expr","locations":[{"start":{"line":1,"column":1724},"end":{"line":1,"column":1734}},{"start":{"line":1,"column":1738},"end":{"line":1,"column":1758}}]},"16":{"line":1,"type":"if","locations":[{"start":{"line":1,"column":1853},"end":{"line":1,"column":1853}},{"start":{"line":1,"column":1853},"end":{"line":1,"column":1853}}]},"17":{"line":1,"type":"cond-expr","locations":[{"start":{"line":1,"column":1893},"end":{"line":1,"column":1936}},{"start":{"line":1,"column":1939},"end":{"line":1,"column":1970}}]},"18":{"line":30,"type":"binary-expr","locations":[{"start":{"line":30,"column":18},"end":{"line":30,"column":38}},{"start":{"line":30,"column":42},"end":{"line":30,"column":44}}]}},"l":{"1":12,"2":1,"3":6,"5":6,"8":1,"11":6,"12":6,"15":1,"16":2,"18":2,"19":2,"23":0,"27":2,"28":2,"29":6,"31":2}},
"/Users/suhail/Sites/scenario-test/es6/services/DataStore.js":{"path":"/Users/suhail/Sites/scenario-test/es6/services/DataStore.js","s":{"1":1,"2":1,"3":1,"4":1,"5":1,"6":1,"7":1,"8":1,"9":1,"10":1,"11":1,"12":1,"13":1,"14":1,"15":0,"16":1,"17":1,"18":1,"19":0,"20":1,"21":1,"22":1,"23":1,"24":1,"25":1,"26":1,"27":1,"28":0,"29":0,"30":1},"b":{"1":[1,1],"2":[1,0],"3":[1,0],"4":[0,1],"5":[0,1],"6":[1,0],"7":[1,0]},"f":{"1":1,"2":1,"3":1,"4":1,"5":1,"6":1,"7":0,"8":0},"fnMap":{"1":{"name":"(anonymous_1)","line":1,"loc":{"start":{"line":1,"column":118},"end":{"line":1,"column":130}}},"2":{"name":"defineProperties","line":1,"loc":{"start":{"line":1,"column":131},"end":{"line":1,"column":172}}},"3":{"name":"(anonymous_3)","line":1,"loc":{"start":{"line":1,"column":446},"end":{"line":1,"column":494}}},"4":{"name":"_classCallCheck","line":1,"loc":{"start":{"line":1,"column":648},"end":{"line":1,"column":696}}},"5":{"name":"(anonymous_5)","line":1,"loc":{"start":{"line":1,"column":833},"end":{"line":1,"column":845}}},"6":{"name":"DataStore","line":2,"loc":{"start":{"line":2,"column":4},"end":{"line":2,"column":56}}},"7":{"name":"loadStaff","line":11,"loc":{"start":{"line":11,"column":97},"end":{"line":13,"column":12}}},"8":{"name":"(anonymous_8)","line":14,"loc":{"start":{"line":14,"column":51},"end":{"line":14,"column":64}}}},"statementMap":{"1":{"start":{"line":1,"column":37},"end":{"line":1,"column":99},"skip":true},"2":{"start":{"line":1,"column":99},"end":{"line":1,"column":648}},"3":{"start":{"line":1,"column":131},"end":{"line":1,"column":439}},"4":{"start":{"line":1,"column":173},"end":{"line":1,"column":438}},"5":{"start":{"line":1,"column":213},"end":{"line":1,"column":239}},"6":{"start":{"line":1,"column":239},"end":{"line":1,"column":294}},"7":{"start":{"line":1,"column":294},"end":{"line":1,"column":325}},"8":{"start":{"line":1,"column":325},"end":{"line":1,"column":379}},"9":{"start":{"line":1,"column":352},"end":{"line":1,"column":379}},"10":{"start":{"line":1,"column":379},"end":{"line":1,"column":437}},"11":{"start":{"line":1,"column":439},"end":{"line":1,"column":644}},"12":{"start":{"line":1,"column":495},"end":{"line":1,"column":563}},"13":{"start":{"line":1,"column":511},"end":{"line":1,"column":563}},"14":{"start":{"line":1,"column":563},"end":{"line":1,"column":623}},"15":{"start":{"line":1,"column":580},"end":{"line":1,"column":623}},"16":{"start":{"line":1,"column":623},"end":{"line":1,"column":642}},"17":{"start":{"line":1,"column":648},"end":{"line":1,"column":797}},"18":{"start":{"line":1,"column":697},"end":{"line":1,"column":796}},"19":{"start":{"line":1,"column":738},"end":{"line":1,"column":795}},"20":{"start":{"line":1,"column":797},"end":{"line":15,"column":58}},"21":{"start":{"line":2,"column":4},"end":{"line":11,"column":45}},"22":{"start":{"line":2,"column":81},"end":{"line":2,"column":114}},"23":{"start":{"line":3,"column":8},"end":{"line":3,"column":31}},"24":{"start":{"line":4,"column":8},"end":{"line":8,"column":32}},"25":{"start":{"line":10,"column":8},"end":{"line":10,"column":43}},"26":{"start":{"line":11,"column":8},"end":{"line":11,"column":44}},"27":{"start":{"line":11,"column":45},"end":{"line":15,"column":37}},"28":{"start":{"line":14,"column":12},"end":{"line":15,"column":31}},"29":{"start":{"line":15,"column":16},"end":{"line":15,"column":28}},"30":{"start":{"line":15,"column":37},"end":{"line":15,"column":54}}},"branchMap":{"1":{"line":1,"type":"binary-expr","locations":[{"start":{"line":1,"column":263},"end":{"line":1,"column":284}},{"start":{"line":1,"column":288},"end":{"line":1,"column":293}}]},"2":{"line":1,"type":"if","locations":[{"start":{"line":1,"column":325},"end":{"line":1,"column":325}},{"start":{"line":1,"column":325},"end":{"line":1,"column":325}}]},"3":{"line":1,"type":"if","locations":[{"start":{"line":1,"column":495},"end":{"line":1,"column":495}},{"start":{"line":1,"column":495},"end":{"line":1,"column":495}}]},"4":{"line":1,"type":"if","locations":[{"start":{"line":1,"column":563},"end":{"line":1,"column":563}},{"start":{"line":1,"column":563},"end":{"line":1,"column":563}}]},"5":{"line":1,"type":"if","locations":[{"start":{"line":1,"column":697},"end":{"line":1,"column":697}},{"start":{"line":1,"column":697},"end":{"line":1,"column":697}}]},"6":{"line":3,"type":"binary-expr","locations":[{"start":{"line":3,"column":16},"end":{"line":3,"column":18}},{"start":{"line":3,"column":22},"end":{"line":3,"column":30}}]},"7":{"line":4,"type":"binary-expr","locations":[{"start":{"line":4,"column":21},"end":{"line":4,"column":24}},{"start":{"line":4,"column":28},"end":{"line":8,"column":31}}]}},"l":{"1":1,"2":1,"3":1,"4":1,"10":1,"11":1,"14":0,"15":1}},
"/Users/suhail/Sites/scenario-test/es6/controllers/DecisionTree/Actions.js":{"path":"/Users/suhail/Sites/scenario-test/es6/controllers/DecisionTree/Actions.js","s":{"1":1,"2":1,"3":1,"4":1,"5":1,"6":1,"7":1,"8":1,"9":1,"10":1},"b":{},"f":{"1":1,"2":1,"3":1,"4":1,"5":1},"fnMap":{"1":{"name":"STAFF_LOADED","line":36,"loc":{"start":{"line":36,"column":18},"end":{"line":36,"column":71}}},"2":{"name":"REQUIRES_BRAND","line":42,"loc":{"start":{"line":42,"column":20},"end":{"line":42,"column":73}}},"3":{"name":"STRATEGIC","line":48,"loc":{"start":{"line":48,"column":15},"end":{"line":48,"column":63}}},"4":{"name":"VALUE","line":54,"loc":{"start":{"line":54,"column":11},"end":{"line":54,"column":55}}},"5":{"name":"COMPLEXITY","line":60,"loc":{"start":{"line":60,"column":16},"end":{"line":60,"column":65}}}},"statementMap":{"1":{"start":{"line":1,"column":37},"end":{"line":1,"column":99},"skip":true},"2":{"start":{"line":1,"column":99},"end":{"line":1,"column":143}},"3":{"start":{"line":1,"column":143},"end":{"line":1,"column":211}},"4":{"start":{"line":8,"column":0},"end":{"line":17,"column":80}},"5":{"start":{"line":22,"column":0},"end":{"line":76,"column":21}},"6":{"start":{"line":37,"column":8},"end":{"line":39,"column":26}},"7":{"start":{"line":43,"column":8},"end":{"line":45,"column":24}},"8":{"start":{"line":49,"column":8},"end":{"line":51,"column":24}},"9":{"start":{"line":55,"column":8},"end":{"line":57,"column":24}},"10":{"start":{"line":61,"column":8},"end":{"line":63,"column":24}}},"branchMap":{},"l":{"1":1,"8":1,"22":1,"37":1,"43":1,"49":1,"55":1,"61":1}},
"/Users/suhail/Sites/scenario-test/es6/constants.js":{"path":"/Users/suhail/Sites/scenario-test/es6/constants.js","s":{"1":1,"2":1,"3":1,"4":1,"5":1,"6":1},"b":{},"f":{},"fnMap":{},"statementMap":{"1":{"start":{"line":1,"column":37},"end":{"line":1,"column":99},"skip":true},"2":{"start":{"line":1,"column":99},"end":{"line":1,"column":170}},"3":{"start":{"line":2,"column":0},"end":{"line":2,"column":89}},"4":{"start":{"line":3,"column":0},"end":{"line":8,"column":20}},"5":{"start":{"line":10,"column":0},"end":{"line":18,"column":21}},"6":{"start":{"line":20,"column":0},"end":{"line":26,"column":18}}},"branchMap":{},"l":{"1":1,"2":1,"3":1,"10":1,"20":1}},
"/Users/suhail/Sites/scenario-test/es6/controllers/DecisionTree/Reducer.js":{"path":"/Users/suhail/Sites/scenario-test/es6/controllers/DecisionTree/Reducer.js","s":{"1":1,"2":1,"3":1,"4":1,"5":1,"6":14,"7":14,"8":14,"9":14,"10":0,"11":1,"12":1,"13":1,"14":1,"15":1,"16":1,"17":1,"18":1,"19":1,"20":1,"21":1,"22":1,"23":1,"24":1,"25":1,"26":1,"27":1,"28":1,"29":1,"30":1,"31":1,"32":1,"33":1,"34":1,"35":1,"36":7,"37":7,"38":7,"39":7,"40":2,"41":7,"42":5,"43":1,"44":4,"45":7,"46":7,"47":7,"48":42,"49":7,"50":14},"b":{"1":[14,0],"2":[0,1,1,1,1,1,1,1,7],"3":[2,5],"4":[7,5,4,5,0],"5":[5,2],"6":[1,4],"7":[5,1],"8":[3,4]},"f":{"1":14,"2":1,"3":1,"4":1,"5":1,"6":1,"7":1,"8":1,"9":7,"10":42},"fnMap":{"1":{"name":"Reducer","line":3,"loc":{"start":{"line":3,"column":146},"end":{"line":3,"column":178}}},"2":{"name":"(anonymous_2)","line":11,"loc":{"start":{"line":11,"column":50},"end":{"line":11,"column":63}}},"3":{"name":"(anonymous_3)","line":16,"loc":{"start":{"line":16,"column":50},"end":{"line":16,"column":63}}},"4":{"name":"(anonymous_4)","line":21,"loc":{"start":{"line":21,"column":50},"end":{"line":21,"column":63}}},"5":{"name":"(anonymous_5)","line":26,"loc":{"start":{"line":26,"column":50},"end":{"line":26,"column":63}}},"6":{"name":"(anonymous_6)","line":31,"loc":{"start":{"line":31,"column":50},"end":{"line":31,"column":63}}},"7":{"name":"(anonymous_7)","line":36,"loc":{"start":{"line":36,"column":50},"end":{"line":36,"column":63}}},"8":{"name":"(anonymous_8)","line":43,"loc":{"start":{"line":43,"column":50},"end":{"line":43,"column":63}}},"9":{"name":"(anonymous_9)","line":50,"loc":{"start":{"line":50,"column":50},"end":{"line":50,"column":63}}},"10":{"name":"(anonymous_10)","line":66,"loc":{"start":{"line":66,"column":56},"end":{"line":66,"column":69}}}},"statementMap":{"1":{"start":{"line":1,"column":37},"end":{"line":1,"column":99},"skip":true},"2":{"start":{"line":1,"column":99},"end":{"line":3,"column":18}},"3":{"start":{"line":3,"column":18},"end":{"line":3,"column":86}},"4":{"start":{"line":3,"column":86},"end":{"line":3,"column":146}},"5":{"start":{"line":3,"column":146},"end":{"line":73,"column":21}},"6":{"start":{"line":4,"column":4},"end":{"line":4,"column":25}},"7":{"start":{"line":5,"column":4},"end":{"line":5,"column":72}},"8":{"start":{"line":6,"column":4},"end":{"line":70,"column":24}},"9":{"start":{"line":7,"column":8},"end":{"line":70,"column":23}},"10":{"start":{"line":9,"column":16},"end":{"line":9,"column":22}},"11":{"start":{"line":11,"column":16},"end":{"line":12,"column":58}},"12":{"start":{"line":12,"column":20},"end":{"line":12,"column":55}},"13":{"start":{"line":14,"column":16},"end":{"line":14,"column":22}},"14":{"start":{"line":16,"column":16},"end":{"line":17,"column":58}},"15":{"start":{"line":17,"column":20},"end":{"line":17,"column":55}},"16":{"start":{"line":19,"column":16},"end":{"line":19,"column":22}},"17":{"start":{"line":21,"column":16},"end":{"line":22,"column":62}},"18":{"start":{"line":22,"column":20},"end":{"line":22,"column":59}},"19":{"start":{"line":24,"column":16},"end":{"line":24,"column":22}},"20":{"start":{"line":26,"column":16},"end":{"line":27,"column":63}},"21":{"start":{"line":27,"column":20},"end":{"line":27,"column":60}},"22":{"start":{"line":29,"column":16},"end":{"line":29,"column":22}},"23":{"start":{"line":31,"column":16},"end":{"line":32,"column":58}},"24":{"start":{"line":32,"column":20},"end":{"line":32,"column":55}},"25":{"start":{"line":34,"column":16},"end":{"line":34,"column":22}},"26":{"start":{"line":36,"column":16},"end":{"line":39,"column":47}},"27":{"start":{"line":37,"column":20},"end":{"line":37,"column":49}},"28":{"start":{"line":38,"column":20},"end":{"line":38,"column":27}},"29":{"start":{"line":39,"column":20},"end":{"line":39,"column":44}},"30":{"start":{"line":41,"column":16},"end":{"line":41,"column":22}},"31":{"start":{"line":43,"column":16},"end":{"line":46,"column":47}},"32":{"start":{"line":44,"column":20},"end":{"line":44,"column":49}},"33":{"start":{"line":45,"column":20},"end":{"line":45,"column":27}},"34":{"start":{"line":46,"column":20},"end":{"line":46,"column":44}},"35":{"start":{"line":48,"column":16},"end":{"line":48,"column":22}},"36":{"start":{"line":50,"column":16},"end":{"line":68,"column":38}},"37":{"start":{"line":51,"column":20},"end":{"line":51,"column":173}},"38":{"start":{"line":52,"column":20},"end":{"line":52,"column":67}},"39":{"start":{"line":53,"column":20},"end":{"line":54,"column":96}},"40":{"start":{"line":54,"column":24},"end":{"line":54,"column":95}},"41":{"start":{"line":56,"column":20},"end":{"line":61,"column":100}},"42":{"start":{"line":57,"column":24},"end":{"line":61,"column":99}},"43":{"start":{"line":58,"column":28},"end":{"line":58,"column":91}},"44":{"start":{"line":61,"column":28},"end":{"line":61,"column":98}},"45":{"start":{"line":64,"column":20},"end":{"line":64,"column":69}},"46":{"start":{"line":65,"column":20},"end":{"line":65,"column":47}},"47":{"start":{"line":66,"column":20},"end":{"line":68,"column":35}},"48":{"start":{"line":67,"column":24},"end":{"line":67,"column":60}},"49":{"start":{"line":70,"column":16},"end":{"line":70,"column":22}},"50":{"start":{"line":73,"column":4},"end":{"line":73,"column":20}}},"branchMap":{"1":{"line":6,"type":"if","locations":[{"start":{"line":6,"column":4},"end":{"line":6,"column":4}},{"start":{"line":6,"column":4},"end":{"line":6,"column":4}}]},"2":{"line":7,"type":"switch","locations":[{"start":{"line":8,"column":12},"end":{"line":9,"column":22}},{"start":{"line":10,"column":12},"end":{"line":14,"column":22}},{"start":{"line":15,"column":12},"end":{"line":19,"column":22}},{"start":{"line":20,"column":12},"end":{"line":24,"column":22}},{"start":{"line":25,"column":12},"end":{"line":29,"column":22}},{"start":{"line":30,"column":12},"end":{"line":34,"column":22}},{"start":{"line":35,"column":12},"end":{"line":41,"column":22}},{"start":{"line":42,"column":12},"end":{"line":48,"column":22}},{"start":{"line":49,"column":12},"end":{"line":70,"column":22}}]},"3":{"line":53,"type":"if","locations":[{"start":{"line":53,"column":20},"end":{"line":53,"column":20}},{"start":{"line":53,"column":20},"end":{"line":53,"column":20}}]},"4":{"line":53,"type":"binary-expr","locations":[{"start":{"line":53,"column":24},"end":{"line":53,"column":35}},{"start":{"line":53,"column":39},"end":{"line":53,"column":49}},{"start":{"line":53,"column":53},"end":{"line":53,"column":67}},{"start":{"line":53,"column":71},"end":{"line":53,"column":80}},{"start":{"line":53,"column":84},"end":{"line":53,"column":99}}]},"5":{"line":56,"type":"if","locations":[{"start":{"line":56,"column":20},"end":{"line":56,"column":20}},{"start":{"line":56,"column":20},"end":{"line":56,"column":20}}]},"6":{"line":57,"type":"if","locations":[{"start":{"line":57,"column":24},"end":{"line":57,"column":24}},{"start":{"line":57,"column":24},"end":{"line":57,"column":24}}]},"7":{"line":57,"type":"binary-expr","locations":[{"start":{"line":57,"column":28},"end":{"line":57,"column":39}},{"start":{"line":57,"column":43},"end":{"line":57,"column":59}}]},"8":{"line":64,"type":"cond-expr","locations":[{"start":{"line":64,"column":38},"end":{"line":64,"column":61}},{"start":{"line":64,"column":64},"end":{"line":64,"column":68}}]}},"l":{"1":1,"3":1,"4":14,"5":14,"6":14,"7":14,"9":0,"11":1,"12":1,"14":1,"16":1,"17":1,"19":1,"21":1,"22":1,"24":1,"26":1,"27":1,"29":1,"31":1,"32":1,"34":1,"36":1,"37":1,"38":1,"39":1,"41":1,"43":1,"44":1,"45":1,"46":1,"48":1,"50":7,"51":7,"52":7,"53":7,"54":2,"56":7,"57":5,"58":1,"61":4,"64":7,"65":7,"66":7,"67":42,"70":7,"73":14}}}
