TN:
SF:/Users/suhail/Sites/scenario-test/es6/views/Button.js
FN:1,(anonymous_1)
FN:1,defineProperties
FN:1,(anonymous_3)
FN:1,_interopRequireWildcard
FN:1,_classCallCheck
FN:1,_possibleConstructorReturn
FN:1,_inherits
FN:9,(anonymous_8)
FN:10,Button
FN:15,onClick
FN:18,shouldComponentUpdate
FN:22,render
FNF:12
FNH:11
FNDA:3,(anonymous_1)
FNDA:3,defineProperties
FNDA:3,(anonymous_3)
FNDA:3,_interopRequireWildcard
FNDA:9,_classCallCheck
FNDA:9,_possibleConstructorReturn
FNDA:3,_inherits
FNDA:3,(anonymous_8)
FNDA:9,Button
FNDA:9,onClick
FNDA:0,shouldComponentUpdate
FNDA:9,render
DA:1,36
DA:8,3
DA:9,3
DA:10,9
DA:14,9
DA:15,9
DA:18,9
DA:21,0
DA:25,9
DA:26,9
LF:10
LH:9
BRDA:1,1,0,9
BRDA:1,1,1,9
BRDA:1,2,0,9
BRDA:1,2,1,0
BRDA:1,3,0,3
BRDA:1,3,1,0
BRDA:1,4,0,0
BRDA:1,4,1,3
BRDA:1,5,0,0
BRDA:1,5,1,3
BRDA:1,6,0,3
BRDA:1,6,1,3
BRDA:1,7,0,3
BRDA:1,7,1,0
BRDA:1,8,0,36
BRDA:1,8,1,0
BRDA:1,9,0,0
BRDA:1,9,1,9
BRDA:1,10,0,0
BRDA:1,10,1,9
BRDA:1,11,0,0
BRDA:1,11,1,9
BRDA:1,12,0,9
BRDA:1,12,1,0
BRDA:1,12,2,0
BRDA:1,13,0,0
BRDA:1,13,1,3
BRDA:1,14,0,3
BRDA:1,14,1,0
BRDA:1,15,0,3
BRDA:1,15,1,3
BRDA:1,16,0,3
BRDA:1,16,1,0
BRDA:1,17,0,3
BRDA:1,17,1,0
BRDA:21,18,0,0
BRDA:21,18,1,0
BRDA:25,19,0,9
BRDA:25,19,1,0
BRF:39
BRH:21
end_of_record
TN:
SF:/Users/suhail/Sites/scenario-test/es6/views/List.js
FN:1,(anonymous_1)
FN:1,defineProperties
FN:1,(anonymous_3)
FN:1,_interopRequireWildcard
FN:1,_classCallCheck
FN:1,_possibleConstructorReturn
FN:1,_inherits
FN:2,(anonymous_8)
FN:3,ListItem
FN:6,onClick
FN:9,render
FN:22,(anonymous_12)
FN:23,List
FN:28,onClick
FN:31,shouldComponentUpdate
FN:34,render
FN:37,(anonymous_17)
FNF:17
FNH:16
FNDA:1,(anonymous_1)
FNDA:2,defineProperties
FNDA:2,(anonymous_3)
FNDA:1,_interopRequireWildcard
FNDA:8,_classCallCheck
FNDA:8,_possibleConstructorReturn
FNDA:2,_inherits
FNDA:1,(anonymous_8)
FNDA:6,ListItem
FNDA:1,onClick
FNDA:6,render
FNDA:1,(anonymous_12)
FNDA:2,List
FNDA:1,onClick
FNDA:0,shouldComponentUpdate
FNDA:2,render
FNDA:6,(anonymous_17)
DA:1,12
DA:2,1
DA:3,6
DA:5,6
DA:6,6
DA:9,1
DA:12,6
DA:21,1
DA:22,1
DA:23,2
DA:27,2
DA:28,2
DA:31,1
DA:34,0
DA:36,2
DA:37,2
DA:38,6
DA:40,2
LF:18
LH:17
BRDA:1,1,0,5
BRDA:1,1,1,5
BRDA:1,2,0,5
BRDA:1,2,1,0
BRDA:1,3,0,2
BRDA:1,3,1,0
BRDA:1,4,0,0
BRDA:1,4,1,2
BRDA:1,5,0,0
BRDA:1,5,1,1
BRDA:1,6,0,1
BRDA:1,6,1,1
BRDA:1,7,0,1
BRDA:1,7,1,0
BRDA:1,8,0,12
BRDA:1,8,1,0
BRDA:1,9,0,0
BRDA:1,9,1,8
BRDA:1,10,0,0
BRDA:1,10,1,8
BRDA:1,11,0,0
BRDA:1,11,1,8
BRDA:1,12,0,8
BRDA:1,12,1,0
BRDA:1,12,2,0
BRDA:1,13,0,0
BRDA:1,13,1,2
BRDA:1,14,0,2
BRDA:1,14,1,0
BRDA:1,15,0,2
BRDA:1,15,1,2
BRDA:1,16,0,2
BRDA:1,16,1,0
BRDA:1,17,0,2
BRDA:1,17,1,0
BRF:35
BRH:20
end_of_record
TN:
SF:/Users/suhail/Sites/scenario-test/es6/views/Card.js
FN:1,(anonymous_1)
FN:1,defineProperties
FN:1,(anonymous_3)
FN:1,_interopRequireWildcard
FN:1,_classCallCheck
FN:1,_possibleConstructorReturn
FN:1,_inherits
FN:2,(anonymous_8)
FN:3,Card
FN:5,render
FNF:10
FNH:10
FNDA:1,(anonymous_1)
FNDA:1,defineProperties
FNDA:1,(anonymous_3)
FNDA:1,_interopRequireWildcard
FNDA:1,_classCallCheck
FNDA:1,_possibleConstructorReturn
FNDA:1,_inherits
FNDA:1,(anonymous_8)
FNDA:1,Card
FNDA:1,render
DA:1,12
DA:2,1
DA:3,1
DA:5,1
DA:8,1
LF:5
LH:5
BRDA:1,1,0,1
BRDA:1,1,1,1
BRDA:1,2,0,1
BRDA:1,2,1,0
BRDA:1,3,0,1
BRDA:1,3,1,0
BRDA:1,4,0,0
BRDA:1,4,1,1
BRDA:1,5,0,0
BRDA:1,5,1,1
BRDA:1,6,0,1
BRDA:1,6,1,1
BRDA:1,7,0,1
BRDA:1,7,1,0
BRDA:1,8,0,12
BRDA:1,8,1,0
BRDA:1,9,0,0
BRDA:1,9,1,1
BRDA:1,10,0,0
BRDA:1,10,1,1
BRDA:1,11,0,0
BRDA:1,11,1,1
BRDA:1,12,0,1
BRDA:1,12,1,0
BRDA:1,12,2,0
BRDA:1,13,0,0
BRDA:1,13,1,1
BRDA:1,14,0,1
BRDA:1,14,1,0
BRDA:1,15,0,1
BRDA:1,15,1,1
BRDA:1,16,0,1
BRDA:1,16,1,0
BRDA:1,17,0,1
BRDA:1,17,1,0
BRF:35
BRH:20
end_of_record
TN:
SF:/Users/suhail/Sites/scenario-test/es6/views/Switch.js
FN:1,(anonymous_1)
FN:1,defineProperties
FN:1,(anonymous_3)
FN:1,_interopRequireWildcard
FN:1,_classCallCheck
FN:1,_possibleConstructorReturn
FN:1,_inherits
FN:2,(anonymous_8)
FN:3,SwitchItem
FN:5,onClick
FN:8,render
FN:15,(anonymous_12)
FN:16,Switch
FN:19,componentWillReceiveProps
FN:24,render
FN:28,(anonymous_16)
FNF:16
FNH:15
FNDA:1,(anonymous_1)
FNDA:2,defineProperties
FNDA:2,(anonymous_3)
FNDA:1,_interopRequireWildcard
FNDA:8,_classCallCheck
FNDA:8,_possibleConstructorReturn
FNDA:2,_inherits
FNDA:1,(anonymous_8)
FNDA:6,SwitchItem
FNDA:1,onClick
FNDA:6,render
FNDA:1,(anonymous_12)
FNDA:2,Switch
FNDA:0,componentWillReceiveProps
FNDA:2,render
FNDA:6,(anonymous_16)
DA:1,12
DA:2,1
DA:3,6
DA:5,6
DA:8,1
DA:11,6
DA:12,6
DA:15,1
DA:16,2
DA:18,2
DA:19,2
DA:23,0
DA:27,2
DA:28,2
DA:29,6
DA:31,2
LF:16
LH:15
BRDA:1,1,0,4
BRDA:1,1,1,4
BRDA:1,2,0,4
BRDA:1,2,1,0
BRDA:1,3,0,2
BRDA:1,3,1,0
BRDA:1,4,0,0
BRDA:1,4,1,2
BRDA:1,5,0,0
BRDA:1,5,1,1
BRDA:1,6,0,1
BRDA:1,6,1,1
BRDA:1,7,0,1
BRDA:1,7,1,0
BRDA:1,8,0,12
BRDA:1,8,1,0
BRDA:1,9,0,0
BRDA:1,9,1,8
BRDA:1,10,0,0
BRDA:1,10,1,8
BRDA:1,11,0,0
BRDA:1,11,1,8
BRDA:1,12,0,8
BRDA:1,12,1,0
BRDA:1,12,2,0
BRDA:1,13,0,0
BRDA:1,13,1,2
BRDA:1,14,0,2
BRDA:1,14,1,0
BRDA:1,15,0,2
BRDA:1,15,1,2
BRDA:1,16,0,2
BRDA:1,16,1,0
BRDA:1,17,0,2
BRDA:1,17,1,0
BRDA:30,18,0,2
BRDA:30,18,1,0
BRF:37
BRH:21
end_of_record
TN:
SF:/Users/suhail/Sites/scenario-test/es6/services/DataStore.js
FN:1,(anonymous_1)
FN:1,defineProperties
FN:1,(anonymous_3)
FN:1,_classCallCheck
FN:1,(anonymous_5)
FN:2,DataStore
FN:11,loadStaff
FN:14,(anonymous_8)
FNF:8
FNH:6
FNDA:1,(anonymous_1)
FNDA:1,defineProperties
FNDA:1,(anonymous_3)
FNDA:1,_classCallCheck
FNDA:1,(anonymous_5)
FNDA:1,DataStore
FNDA:0,loadStaff
FNDA:0,(anonymous_8)
DA:1,1
DA:2,1
DA:3,1
DA:4,1
DA:10,1
DA:11,1
DA:14,0
DA:15,1
LF:8
LH:7
BRDA:1,1,0,1
BRDA:1,1,1,1
BRDA:1,2,0,1
BRDA:1,2,1,0
BRDA:1,3,0,1
BRDA:1,3,1,0
BRDA:1,4,0,0
BRDA:1,4,1,1
BRDA:1,5,0,0
BRDA:1,5,1,1
BRDA:3,6,0,1
BRDA:3,6,1,0
BRDA:4,7,0,1
BRDA:4,7,1,0
BRF:14
BRH:8
end_of_record
TN:
SF:/Users/suhail/Sites/scenario-test/es6/controllers/DecisionTree/Actions.js
FN:36,STAFF_LOADED
FN:42,REQUIRES_BRAND
FN:48,STRATEGIC
FN:54,VALUE
FN:60,COMPLEXITY
FNF:5
FNH:5
FNDA:1,STAFF_LOADED
FNDA:1,REQUIRES_BRAND
FNDA:1,STRATEGIC
FNDA:1,VALUE
FNDA:1,COMPLEXITY
DA:1,1
DA:8,1
DA:22,1
DA:37,1
DA:43,1
DA:49,1
DA:55,1
DA:61,1
LF:8
LH:8
BRF:0
BRH:0
end_of_record
TN:
SF:/Users/suhail/Sites/scenario-test/es6/constants.js
FNF:0
FNH:0
DA:1,1
DA:2,1
DA:3,1
DA:10,1
DA:20,1
LF:5
LH:5
BRF:0
BRH:0
end_of_record
TN:
SF:/Users/suhail/Sites/scenario-test/es6/controllers/DecisionTree/Reducer.js
FN:3,Reducer
FN:11,(anonymous_2)
FN:16,(anonymous_3)
FN:21,(anonymous_4)
FN:26,(anonymous_5)
FN:31,(anonymous_6)
FN:36,(anonymous_7)
FN:43,(anonymous_8)
FN:50,(anonymous_9)
FN:66,(anonymous_10)
FNF:10
FNH:10
FNDA:14,Reducer
FNDA:1,(anonymous_2)
FNDA:1,(anonymous_3)
FNDA:1,(anonymous_4)
FNDA:1,(anonymous_5)
FNDA:1,(anonymous_6)
FNDA:1,(anonymous_7)
FNDA:1,(anonymous_8)
FNDA:7,(anonymous_9)
FNDA:42,(anonymous_10)
DA:1,1
DA:3,1
DA:4,14
DA:5,14
DA:6,14
DA:7,14
DA:9,0
DA:11,1
DA:12,1
DA:14,1
DA:16,1
DA:17,1
DA:19,1
DA:21,1
DA:22,1
DA:24,1
DA:26,1
DA:27,1
DA:29,1
DA:31,1
DA:32,1
DA:34,1
DA:36,1
DA:37,1
DA:38,1
DA:39,1
DA:41,1
DA:43,1
DA:44,1
DA:45,1
DA:46,1
DA:48,1
DA:50,7
DA:51,7
DA:52,7
DA:53,7
DA:54,2
DA:56,7
DA:57,5
DA:58,1
DA:61,4
DA:64,7
DA:65,7
DA:66,7
DA:67,42
DA:70,7
DA:73,14
LF:47
LH:46
BRDA:6,1,0,14
BRDA:6,1,1,0
BRDA:7,2,0,0
BRDA:7,2,1,1
BRDA:7,2,2,1
BRDA:7,2,3,1
BRDA:7,2,4,1
BRDA:7,2,5,1
BRDA:7,2,6,1
BRDA:7,2,7,1
BRDA:7,2,8,7
BRDA:53,3,0,2
BRDA:53,3,1,5
BRDA:53,4,0,7
BRDA:53,4,1,5
BRDA:53,4,2,4
BRDA:53,4,3,5
BRDA:53,4,4,0
BRDA:56,5,0,5
BRDA:56,5,1,2
BRDA:57,6,0,1
BRDA:57,6,1,4
BRDA:57,7,0,5
BRDA:57,7,1,1
BRDA:64,8,0,3
BRDA:64,8,1,4
BRF:26
BRH:23
end_of_record
